  Determining projects to restore...
  All projects are up-to-date for restore.
  TrainMeX -> D:\Projects\Antigravity\TrainMeX\bin\Debug\net8.0-windows\win-x64\TrainMeX.dll
D:\Projects\Antigravity\TrainMeX.Tests\PlaylistImporterTests.cs(16,16): warning CS8618: Non-nullable field '_mockUrlExtractor' must contain a non-null value when exiting constructor. Consider adding the 'required' modifier or declaring the field as nullable. [D:\Projects\Antigravity\TrainMeX.Tests\TrainMeX.Tests.csproj]
D:\Projects\Antigravity\TrainMeX.Tests\ObservableObjectTests.cs(26,38): warning CS8600: Converting null literal or possible null value to non-nullable type. [D:\Projects\Antigravity\TrainMeX.Tests\TrainMeX.Tests.csproj]
D:\Projects\Antigravity\TrainMeX.Tests\ObservableObjectTests.cs(28,64): warning CS8600: Converting null literal or possible null value to non-nullable type. [D:\Projects\Antigravity\TrainMeX.Tests\TrainMeX.Tests.csproj]
D:\Projects\Antigravity\TrainMeX.Tests\EdgeCaseTests.cs(154,28): warning CS8618: Non-nullable field '_testObject' must contain a non-null value when exiting constructor. Consider adding the 'required' modifier or declaring the field as nullable. [D:\Projects\Antigravity\TrainMeX.Tests\TrainMeX.Tests.csproj]
D:\Projects\Antigravity\TrainMeX.Tests\HypnoViewModelTests.cs(109,35): warning CS8600: Converting null literal or possible null value to non-nullable type. [D:\Projects\Antigravity\TrainMeX.Tests\TrainMeX.Tests.csproj]
D:\Projects\Antigravity\TrainMeX.Tests\ObservableObjectTests.cs(61,38): warning CS8600: Converting null literal or possible null value to non-nullable type. [D:\Projects\Antigravity\TrainMeX.Tests\TrainMeX.Tests.csproj]
D:\Projects\Antigravity\TrainMeX.Tests\ObservableObjectTests.cs(63,64): warning CS8600: Converting null literal or possible null value to non-nullable type. [D:\Projects\Antigravity\TrainMeX.Tests\TrainMeX.Tests.csproj]
D:\Projects\Antigravity\TrainMeX.Tests\ObservableObjectTests.cs(8,28): warning CS8618: Non-nullable field '_testProperty' must contain a non-null value when exiting constructor. Consider adding the 'required' modifier or declaring the field as nullable. [D:\Projects\Antigravity\TrainMeX.Tests\TrainMeX.Tests.csproj]
D:\Projects\Antigravity\TrainMeX.Tests\PlaylistImporterTests.cs(57,44): error CS1061: 'VideoItem' does not contain a definition for 'Url' and no accessible extension method 'Url' accepting a first argument of type 'VideoItem' could be found (are you missing a using directive or an assembly reference?) [D:\Projects\Antigravity\TrainMeX.Tests\TrainMeX.Tests.csproj]
D:\Projects\Antigravity\TrainMeX.Tests\ReliabilityTests.cs(19,34): warning CS8600: Converting null literal or possible null value to non-nullable type. [D:\Projects\Antigravity\TrainMeX.Tests\TrainMeX.Tests.csproj]
D:\Projects\Antigravity\TrainMeX.Tests\PlaylistImporterTests.cs(83,69): error CS1061: 'VideoItem' does not contain a definition for 'Url' and no accessible extension method 'Url' accepting a first argument of type 'VideoItem' could be found (are you missing a using directive or an assembly reference?) [D:\Projects\Antigravity\TrainMeX.Tests\TrainMeX.Tests.csproj]
D:\Projects\Antigravity\TrainMeX.Tests\ObservableObjectTests.cs(75,38): warning CS8600: Converting null literal or possible null value to non-nullable type. [D:\Projects\Antigravity\TrainMeX.Tests\TrainMeX.Tests.csproj]
D:\Projects\Antigravity\TrainMeX.Tests\ObservableObjectTests.cs(77,64): warning CS8600: Converting null literal or possible null value to non-nullable type. [D:\Projects\Antigravity\TrainMeX.Tests\TrainMeX.Tests.csproj]
D:\Projects\Antigravity\TrainMeX.Tests\ObservableObjectTests.cs(79,32): warning CS8625: Cannot convert null literal to non-nullable reference type. [D:\Projects\Antigravity\TrainMeX.Tests\TrainMeX.Tests.csproj]
D:\Projects\Antigravity\TrainMeX.Tests\ServiceContainerTests.cs(27,57): warning CS8625: Cannot convert null literal to non-nullable reference type. [D:\Projects\Antigravity\TrainMeX.Tests\TrainMeX.Tests.csproj]
D:\Projects\Antigravity\TrainMeX.Tests\ObservableObjectTests.cs(88,38): warning CS8600: Converting null literal or possible null value to non-nullable type. [D:\Projects\Antigravity\TrainMeX.Tests\TrainMeX.Tests.csproj]
D:\Projects\Antigravity\TrainMeX.Tests\ObservableObjectTests.cs(90,64): warning CS8600: Converting null literal or possible null value to non-nullable type. [D:\Projects\Antigravity\TrainMeX.Tests\TrainMeX.Tests.csproj]
D:\Projects\Antigravity\TrainMeX.Tests\VideoPlayerServiceTests.cs(41,35): warning CS8600: Converting null literal or possible null value to non-nullable type. [D:\Projects\Antigravity\TrainMeX.Tests\TrainMeX.Tests.csproj]
D:\Projects\Antigravity\TrainMeX.Tests\RelayCommandTests.cs(37,40): warning CS8600: Converting null literal or possible null value to non-nullable type. [D:\Projects\Antigravity\TrainMeX.Tests\TrainMeX.Tests.csproj]
D:\Projects\Antigravity\TrainMeX.Tests\ObservableObjectTests.cs(103,68): warning CS8604: Possible null reference argument for parameter 'item' in 'void List<string>.Add(string item)'. [D:\Projects\Antigravity\TrainMeX.Tests\TrainMeX.Tests.csproj]
D:\Projects\Antigravity\TrainMeX.Tests\VideoItemTests.cs(200,18): warning CS0219: The variable 'eventRaised' is assigned but its value is never used [D:\Projects\Antigravity\TrainMeX.Tests\TrainMeX.Tests.csproj]
D:\Projects\Antigravity\TrainMeX.Tests\RelayCommandTests.cs(75,40): warning CS8600: Converting null literal or possible null value to non-nullable type. [D:\Projects\Antigravity\TrainMeX.Tests\TrainMeX.Tests.csproj]
D:\Projects\Antigravity\TrainMeX.Tests\VideoPlayerServiceTests.cs(162,66): warning CS8625: Cannot convert null literal to non-nullable reference type. [D:\Projects\Antigravity\TrainMeX.Tests\TrainMeX.Tests.csproj]
D:\Projects\Antigravity\TrainMeX.Tests\RelayCommandTests.cs(103,18): warning CS0219: The variable 'eventRaised' is assigned but its value is never used [D:\Projects\Antigravity\TrainMeX.Tests\TrainMeX.Tests.csproj]
D:\Projects\Antigravity\TrainMeX.Tests\RelayCommandTests.cs(115,18): warning CS0219: The variable 'eventRaised' is assigned but its value is never used [D:\Projects\Antigravity\TrainMeX.Tests\TrainMeX.Tests.csproj]
D:\Projects\Antigravity\TrainMeX.Tests\PlaylistImporterTests.cs(13,50): warning CS0169: The field 'PlaylistImporterTests._mockUrlExtractor' is never used [D:\Projects\Antigravity\TrainMeX.Tests\TrainMeX.Tests.csproj]
D:\Projects\Antigravity\TrainMeX.Tests\FileValidatorTests.cs(54,13): warning xUnit2002: Do not use Assert.NotNull() on value type 'bool'. Remove this assert. (https://xunit.net/xunit.analyzers/rules/xUnit2002) [D:\Projects\Antigravity\TrainMeX.Tests\TrainMeX.Tests.csproj]
D:\Projects\Antigravity\TrainMeX.Tests\FileValidatorTests.cs(65,13): warning xUnit2002: Do not use Assert.NotNull() on value type 'bool'. Remove this assert. (https://xunit.net/xunit.analyzers/rules/xUnit2002) [D:\Projects\Antigravity\TrainMeX.Tests\TrainMeX.Tests.csproj]
D:\Projects\Antigravity\TrainMeX.Tests\LauncherViewModelTests.cs(149,17): warning xUnit2013: Do not use Assert.Equal() to check for collection size. Use Assert.Single instead. (https://xunit.net/xunit.analyzers/rules/xUnit2013) [D:\Projects\Antigravity\TrainMeX.Tests\TrainMeX.Tests.csproj]

Build FAILED.

D:\Projects\Antigravity\TrainMeX.Tests\PlaylistImporterTests.cs(16,16): warning CS8618: Non-nullable field '_mockUrlExtractor' must contain a non-null value when exiting constructor. Consider adding the 'required' modifier or declaring the field as nullable. [D:\Projects\Antigravity\TrainMeX.Tests\TrainMeX.Tests.csproj]
D:\Projects\Antigravity\TrainMeX.Tests\ObservableObjectTests.cs(26,38): warning CS8600: Converting null literal or possible null value to non-nullable type. [D:\Projects\Antigravity\TrainMeX.Tests\TrainMeX.Tests.csproj]
D:\Projects\Antigravity\TrainMeX.Tests\ObservableObjectTests.cs(28,64): warning CS8600: Converting null literal or possible null value to non-nullable type. [D:\Projects\Antigravity\TrainMeX.Tests\TrainMeX.Tests.csproj]
D:\Projects\Antigravity\TrainMeX.Tests\EdgeCaseTests.cs(154,28): warning CS8618: Non-nullable field '_testObject' must contain a non-null value when exiting constructor. Consider adding the 'required' modifier or declaring the field as nullable. [D:\Projects\Antigravity\TrainMeX.Tests\TrainMeX.Tests.csproj]
D:\Projects\Antigravity\TrainMeX.Tests\HypnoViewModelTests.cs(109,35): warning CS8600: Converting null literal or possible null value to non-nullable type. [D:\Projects\Antigravity\TrainMeX.Tests\TrainMeX.Tests.csproj]
D:\Projects\Antigravity\TrainMeX.Tests\ObservableObjectTests.cs(61,38): warning CS8600: Converting null literal or possible null value to non-nullable type. [D:\Projects\Antigravity\TrainMeX.Tests\TrainMeX.Tests.csproj]
D:\Projects\Antigravity\TrainMeX.Tests\ObservableObjectTests.cs(63,64): warning CS8600: Converting null literal or possible null value to non-nullable type. [D:\Projects\Antigravity\TrainMeX.Tests\TrainMeX.Tests.csproj]
D:\Projects\Antigravity\TrainMeX.Tests\ObservableObjectTests.cs(8,28): warning CS8618: Non-nullable field '_testProperty' must contain a non-null value when exiting constructor. Consider adding the 'required' modifier or declaring the field as nullable. [D:\Projects\Antigravity\TrainMeX.Tests\TrainMeX.Tests.csproj]
D:\Projects\Antigravity\TrainMeX.Tests\ReliabilityTests.cs(19,34): warning CS8600: Converting null literal or possible null value to non-nullable type. [D:\Projects\Antigravity\TrainMeX.Tests\TrainMeX.Tests.csproj]
D:\Projects\Antigravity\TrainMeX.Tests\ObservableObjectTests.cs(75,38): warning CS8600: Converting null literal or possible null value to non-nullable type. [D:\Projects\Antigravity\TrainMeX.Tests\TrainMeX.Tests.csproj]
D:\Projects\Antigravity\TrainMeX.Tests\ObservableObjectTests.cs(77,64): warning CS8600: Converting null literal or possible null value to non-nullable type. [D:\Projects\Antigravity\TrainMeX.Tests\TrainMeX.Tests.csproj]
D:\Projects\Antigravity\TrainMeX.Tests\ObservableObjectTests.cs(79,32): warning CS8625: Cannot convert null literal to non-nullable reference type. [D:\Projects\Antigravity\TrainMeX.Tests\TrainMeX.Tests.csproj]
D:\Projects\Antigravity\TrainMeX.Tests\ServiceContainerTests.cs(27,57): warning CS8625: Cannot convert null literal to non-nullable reference type. [D:\Projects\Antigravity\TrainMeX.Tests\TrainMeX.Tests.csproj]
D:\Projects\Antigravity\TrainMeX.Tests\ObservableObjectTests.cs(88,38): warning CS8600: Converting null literal or possible null value to non-nullable type. [D:\Projects\Antigravity\TrainMeX.Tests\TrainMeX.Tests.csproj]
D:\Projects\Antigravity\TrainMeX.Tests\ObservableObjectTests.cs(90,64): warning CS8600: Converting null literal or possible null value to non-nullable type. [D:\Projects\Antigravity\TrainMeX.Tests\TrainMeX.Tests.csproj]
D:\Projects\Antigravity\TrainMeX.Tests\VideoPlayerServiceTests.cs(41,35): warning CS8600: Converting null literal or possible null value to non-nullable type. [D:\Projects\Antigravity\TrainMeX.Tests\TrainMeX.Tests.csproj]
D:\Projects\Antigravity\TrainMeX.Tests\RelayCommandTests.cs(37,40): warning CS8600: Converting null literal or possible null value to non-nullable type. [D:\Projects\Antigravity\TrainMeX.Tests\TrainMeX.Tests.csproj]
D:\Projects\Antigravity\TrainMeX.Tests\ObservableObjectTests.cs(103,68): warning CS8604: Possible null reference argument for parameter 'item' in 'void List<string>.Add(string item)'. [D:\Projects\Antigravity\TrainMeX.Tests\TrainMeX.Tests.csproj]
D:\Projects\Antigravity\TrainMeX.Tests\VideoItemTests.cs(200,18): warning CS0219: The variable 'eventRaised' is assigned but its value is never used [D:\Projects\Antigravity\TrainMeX.Tests\TrainMeX.Tests.csproj]
D:\Projects\Antigravity\TrainMeX.Tests\RelayCommandTests.cs(75,40): warning CS8600: Converting null literal or possible null value to non-nullable type. [D:\Projects\Antigravity\TrainMeX.Tests\TrainMeX.Tests.csproj]
D:\Projects\Antigravity\TrainMeX.Tests\VideoPlayerServiceTests.cs(162,66): warning CS8625: Cannot convert null literal to non-nullable reference type. [D:\Projects\Antigravity\TrainMeX.Tests\TrainMeX.Tests.csproj]
D:\Projects\Antigravity\TrainMeX.Tests\RelayCommandTests.cs(103,18): warning CS0219: The variable 'eventRaised' is assigned but its value is never used [D:\Projects\Antigravity\TrainMeX.Tests\TrainMeX.Tests.csproj]
D:\Projects\Antigravity\TrainMeX.Tests\RelayCommandTests.cs(115,18): warning CS0219: The variable 'eventRaised' is assigned but its value is never used [D:\Projects\Antigravity\TrainMeX.Tests\TrainMeX.Tests.csproj]
D:\Projects\Antigravity\TrainMeX.Tests\PlaylistImporterTests.cs(13,50): warning CS0169: The field 'PlaylistImporterTests._mockUrlExtractor' is never used [D:\Projects\Antigravity\TrainMeX.Tests\TrainMeX.Tests.csproj]
D:\Projects\Antigravity\TrainMeX.Tests\FileValidatorTests.cs(54,13): warning xUnit2002: Do not use Assert.NotNull() on value type 'bool'. Remove this assert. (https://xunit.net/xunit.analyzers/rules/xUnit2002) [D:\Projects\Antigravity\TrainMeX.Tests\TrainMeX.Tests.csproj]
D:\Projects\Antigravity\TrainMeX.Tests\FileValidatorTests.cs(65,13): warning xUnit2002: Do not use Assert.NotNull() on value type 'bool'. Remove this assert. (https://xunit.net/xunit.analyzers/rules/xUnit2002) [D:\Projects\Antigravity\TrainMeX.Tests\TrainMeX.Tests.csproj]
D:\Projects\Antigravity\TrainMeX.Tests\LauncherViewModelTests.cs(149,17): warning xUnit2013: Do not use Assert.Equal() to check for collection size. Use Assert.Single instead. (https://xunit.net/xunit.analyzers/rules/xUnit2013) [D:\Projects\Antigravity\TrainMeX.Tests\TrainMeX.Tests.csproj]
D:\Projects\Antigravity\TrainMeX.Tests\PlaylistImporterTests.cs(57,44): error CS1061: 'VideoItem' does not contain a definition for 'Url' and no accessible extension method 'Url' accepting a first argument of type 'VideoItem' could be found (are you missing a using directive or an assembly reference?) [D:\Projects\Antigravity\TrainMeX.Tests\TrainMeX.Tests.csproj]
D:\Projects\Antigravity\TrainMeX.Tests\PlaylistImporterTests.cs(83,69): error CS1061: 'VideoItem' does not contain a definition for 'Url' and no accessible extension method 'Url' accepting a first argument of type 'VideoItem' could be found (are you missing a using directive or an assembly reference?) [D:\Projects\Antigravity\TrainMeX.Tests\TrainMeX.Tests.csproj]
    27 Warning(s)
    2 Error(s)

Time Elapsed 00:00:01.53
